# JRE version: OpenJDK Runtime Environment Temurin-21.0.7+6 (21.0.7+6) (build 21.0.7+6-LTS)
# Java VM: OpenJDK 64-Bit Server VM Temurin-21.0.7+6 (21.0.7+6-LTS, mixed mode, sharing, tiered, compressed oops, compressed class ptrs, parallel gc, windows-amd64)
GC Precious Log:
 CardTable entry size: 512
 CPUs: 12 total, 12 available
 Memory: 16234M
 Large Page Support: Disabled
 NUMA Support: Disabled
 Compressed Oops: Enabled (32-bit)
 Alignments: Space 512K, Generation 512K, Heap 2M
 Heap Min Capacity: 100M
 Heap Initial Capacity: 100M
 Heap Max Capacity: 1G
 Pre-touch: Disabled
 Parallel Workers: 10
Heap:
 PSYoungGen      total 3584K, used 3349K [0x00000000eab00000, 0x00000000eb100000, 0x0000000100000000)
  eden space 3072K, 92% used [0x00000000eab00000,0x00000000eadc5520,0x00000000eae00000)
  from space 512K, 100% used [0x00000000eb080000,0x00000000eb100000,0x00000000eb100000)
  to   space 1536K, 0% used [0x00000000eaf00000,0x00000000eaf00000,0x00000000eb080000)
 ParOldGen       total 531456K, used 530968K [0x00000000c0000000, 0x00000000e0700000, 0x00000000eab00000)
  object space 531456K, 99% used [0x00000000c0000000,0x00000000e0686010,0x00000000e0700000)
 Metaspace       used 78462K, committed 79936K, reserved 1179648K
  class space    used 8079K, committed 8832K, reserved 1048576K
GC Heap History (20 events):
Event: 19622.122 GC heap before
{Heap before GC invocations=4495 (full 8):
 PSYoungGen      total 3584K, used 3365K [0x00000000eab00000, 0x00000000eaf80000, 0x0000000100000000)
  eden space 2560K, 100% used [0x00000000eab00000,0x00000000ead80000,0x00000000ead80000)
  from space 1024K, 78% used [0x00000000eae80000,0x00000000eaf49600,0x00000000eaf80000)
  to   space 1024K, 0% used [0x00000000ead80000,0x00000000ead80000,0x00000000eae80000)
 ParOldGen       total 521216K, used 520915K [0x00000000c0000000, 0x00000000dfd00000, 0x00000000eab00000)
  object space 521216K, 99% used [0x00000000c0000000,0x00000000dfcb4d60,0x00000000dfd00000)
 Metaspace       used 78455K, committed 79936K, reserved 1179648K
  class space    used 8078K, committed 8832K, reserved 1048576K
}
Event: 19622.125 GC heap after
{Heap after GC invocations=4495 (full 8):
 PSYoungGen      total 3584K, used 992K [0x00000000eab00000, 0x00000000eb300000, 0x0000000100000000)
  eden space 2560K, 0% used [0x00000000eab00000,0x00000000eab00000,0x00000000ead80000)
  from space 1024K, 96% used [0x00000000ead80000,0x00000000eae78020,0x00000000eae80000)
  to   space 2560K, 0% used [0x00000000eb080000,0x00000000eb080000,0x00000000eb300000)
 ParOldGen       total 522240K, used 522174K [0x00000000c0000000, 0x00000000dfe00000, 0x00000000eab00000)
  object space 522240K, 99% used [0x00000000c0000000,0x00000000dfdefa60,0x00000000dfe00000)
 Metaspace       used 78455K, committed 79936K, reserved 1179648K
  class space    used 8078K, committed 8832K, reserved 1048576K
}
Event: 19622.152 GC heap before
{Heap before GC invocations=4496 (full 8):
 PSYoungGen      total 3584K, used 3552K [0x00000000eab00000, 0x00000000eb300000, 0x0000000100000000)
  eden space 2560K, 100% used [0x00000000eab00000,0x00000000ead80000,0x00000000ead80000)
  from space 1024K, 96% used [0x00000000ead80000,0x00000000eae78020,0x00000000eae80000)
  to   space 2560K, 0% used [0x00000000eb080000,0x00000000eb080000,0x00000000eb300000)
 ParOldGen       total 522240K, used 522174K [0x00000000c0000000, 0x00000000dfe00000, 0x00000000eab00000)
  object space 522240K, 99% used [0x00000000c0000000,0x00000000dfdefa60,0x00000000dfe00000)
 Metaspace       used 78455K, committed 79936K, reserved 1179648K
  class space    used 8078K, committed 8832K, reserved 1048576K
}
Event: 19622.157 GC heap after
{Heap after GC invocations=4496 (full 8):
 PSYoungGen      total 4096K, used 800K [0x00000000eab00000, 0x00000000eb180000, 0x0000000100000000)
  eden space 3072K, 0% used [0x00000000eab00000,0x00000000eab00000,0x00000000eae00000)
  from space 1024K, 78% used [0x00000000eb080000,0x00000000eb148000,0x00000000eb180000)
  to   space 1536K, 0% used [0x00000000eae80000,0x00000000eae80000,0x00000000eb000000)
 ParOldGen       total 523264K, used 523198K [0x00000000c0000000, 0x00000000dff00000, 0x00000000eab00000)
  object space 523264K, 99% used [0x00000000c0000000,0x00000000dfeefa80,0x00000000dff00000)
 Metaspace       used 78455K, committed 79936K, reserved 1179648K
  class space    used 8078K, committed 8832K, reserved 1048576K
}
Event: 19622.186 GC heap before
{Heap before GC invocations=4497 (full 8):
 PSYoungGen      total 4096K, used 3872K [0x00000000eab00000, 0x00000000eb180000, 0x0000000100000000)
  eden space 3072K, 100% used [0x00000000eab00000,0x00000000eae00000,0x00000000eae00000)
  from space 1024K, 78% used [0x00000000eb080000,0x00000000eb148000,0x00000000eb180000)
  to   space 1536K, 0% used [0x00000000eae80000,0x00000000eae80000,0x00000000eb000000)
 ParOldGen       total 523264K, used 523198K [0x00000000c0000000, 0x00000000dff00000, 0x00000000eab00000)
  object space 523264K, 99% used [0x00000000c0000000,0x00000000dfeefa80,0x00000000dff00000)
 Metaspace       used 78456K, committed 79936K, reserved 1179648K
  class space    used 8078K, committed 8832K, reserved 1048576K
}
Event: 19622.188 GC heap after
{Heap after GC invocations=4497 (full 8):
 PSYoungGen      total 4608K, used 1504K [0x00000000eab00000, 0x00000000eb400000, 0x0000000100000000)
  eden space 3072K, 0% used [0x00000000eab00000,0x00000000eab00000,0x00000000eae00000)
  from space 1536K, 97% used [0x00000000eae80000,0x00000000eaff8010,0x00000000eb000000)
  to   space 3072K, 0% used [0x00000000eb100000,0x00000000eb100000,0x00000000eb400000)
 ParOldGen       total 524288K, used 524018K [0x00000000c0000000, 0x00000000e0000000, 0x00000000eab00000)
  object space 524288K, 99% used [0x00000000c0000000,0x00000000dffbca90,0x00000000e0000000)
 Metaspace       used 78456K, committed 79936K, reserved 1179648K
  class space    used 8078K, committed 8832K, reserved 1048576K
}
Event: 19622.317 GC heap before
{Heap before GC invocations=4498 (full 8):
 PSYoungGen      total 4608K, used 4576K [0x00000000eab00000, 0x00000000eb400000, 0x0000000100000000)
  eden space 3072K, 100% used [0x00000000eab00000,0x00000000eae00000,0x00000000eae00000)
  from space 1536K, 97% used [0x00000000eae80000,0x00000000eaff8010,0x00000000eb000000)
  to   space 3072K, 0% used [0x00000000eb100000,0x00000000eb100000,0x00000000eb400000)
 ParOldGen       total 524288K, used 524018K [0x00000000c0000000, 0x00000000e0000000, 0x00000000eab00000)
  object space 524288K, 99% used [0x00000000c0000000,0x00000000dffbca90,0x00000000e0000000)
 Metaspace       used 78456K, committed 79936K, reserved 1179648K
  class space    used 8078K, committed 8832K, reserved 1048576K
}
Event: 19622.322 GC heap after
{Heap after GC invocations=4498 (full 8):
 PSYoungGen      total 3584K, used 405K [0x00000000eab00000, 0x00000000eb180000, 0x0000000100000000)
  eden space 3072K, 0% used [0x00000000eab00000,0x00000000eab00000,0x00000000eae00000)
  from space 512K, 79% used [0x00000000eb100000,0x00000000eb1655f0,0x00000000eb180000)
  to   space 1536K, 0% used [0x00000000eae80000,0x00000000eae80000,0x00000000eb000000)
 ParOldGen       total 525824K, used 525572K [0x00000000c0000000, 0x00000000e0180000, 0x00000000eab00000)
  object space 525824K, 99% used [0x00000000c0000000,0x00000000e0141150,0x00000000e0180000)
 Metaspace       used 78456K, committed 79936K, reserved 1179648K
  class space    used 8078K, committed 8832K, reserved 1048576K
}
Event: 19622.416 GC heap before
{Heap before GC invocations=4499 (full 8):
 PSYoungGen      total 3584K, used 3477K [0x00000000eab00000, 0x00000000eb180000, 0x0000000100000000)
  eden space 3072K, 100% used [0x00000000eab00000,0x00000000eae00000,0x00000000eae00000)
  from space 512K, 79% used [0x00000000eb100000,0x00000000eb1655f0,0x00000000eb180000)
  to   space 1536K, 0% used [0x00000000eae80000,0x00000000eae80000,0x00000000eb000000)
 ParOldGen       total 525824K, used 525572K [0x00000000c0000000, 0x00000000e0180000, 0x00000000eab00000)
  object space 525824K, 99% used [0x00000000c0000000,0x00000000e0141150,0x00000000e0180000)
 Metaspace       used 78462K, committed 79936K, reserved 1179648K
  class space    used 8079K, committed 8832K, reserved 1048576K
}
Event: 19622.419 GC heap after
{Heap after GC invocations=4499 (full 8):
 PSYoungGen      total 4608K, used 565K [0x00000000eab00000, 0x00000000eb180000, 0x0000000100000000)
  eden space 3072K, 0% used [0x00000000eab00000,0x00000000eab00000,0x00000000eae00000)
  from space 1536K, 36% used [0x00000000eae80000,0x00000000eaf0d5f0,0x00000000eb000000)
  to   space 1024K, 0% used [0x00000000eb080000,0x00000000eb080000,0x00000000eb180000)
 ParOldGen       total 526336K, used 525849K [0x00000000c0000000, 0x00000000e0200000, 0x00000000eab00000)
  object space 526336K, 99% used [0x00000000c0000000,0x00000000e0186740,0x00000000e0200000)
 Metaspace       used 78462K, committed 79936K, reserved 1179648K
  class space    used 8079K, committed 8832K, reserved 1048576K
}
Event: 19622.468 GC heap before
{Heap before GC invocations=4500 (full 8):
 PSYoungGen      total 4608K, used 3637K [0x00000000eab00000, 0x00000000eb180000, 0x0000000100000000)
  eden space 3072K, 100% used [0x00000000eab00000,0x00000000eae00000,0x00000000eae00000)
  from space 1536K, 36% used [0x00000000eae80000,0x00000000eaf0d5f0,0x00000000eb000000)
  to   space 1024K, 0% used [0x00000000eb080000,0x00000000eb080000,0x00000000eb180000)
 ParOldGen       total 526336K, used 525849K [0x00000000c0000000, 0x00000000e0200000, 0x00000000eab00000)
  object space 526336K, 99% used [0x00000000c0000000,0x00000000e0186740,0x00000000e0200000)
 Metaspace       used 78462K, committed 79936K, reserved 1179648K
  class space    used 8079K, committed 8832K, reserved 1048576K
}
Event: 19622.471 GC heap after
{Heap after GC invocations=4500 (full 8):
 PSYoungGen      total 3584K, used 192K [0x00000000eab00000, 0x00000000eb100000, 0x0000000100000000)
  eden space 3072K, 0% used [0x00000000eab00000,0x00000000eab00000,0x00000000eae00000)
  from space 512K, 37% used [0x00000000eb080000,0x00000000eb0b0000,0x00000000eb100000)
  to   space 512K, 0% used [0x00000000eb000000,0x00000000eb000000,0x00000000eb080000)
 ParOldGen       total 526336K, used 525969K [0x00000000c0000000, 0x00000000e0200000, 0x00000000eab00000)
  object space 526336K, 99% used [0x00000000c0000000,0x00000000e01a4750,0x00000000e0200000)
 Metaspace       used 78462K, committed 79936K, reserved 1179648K
  class space    used 8079K, committed 8832K, reserved 1048576K
}
Event: 19622.520 GC heap before
{Heap before GC invocations=4501 (full 8):
 PSYoungGen      total 3584K, used 3264K [0x00000000eab00000, 0x00000000eb100000, 0x0000000100000000)
  eden space 3072K, 100% used [0x00000000eab00000,0x00000000eae00000,0x00000000eae00000)
  from space 512K, 37% used [0x00000000eb080000,0x00000000eb0b0000,0x00000000eb100000)
  to   space 512K, 0% used [0x00000000eb000000,0x00000000eb000000,0x00000000eb080000)
 ParOldGen       total 526336K, used 525969K [0x00000000c0000000, 0x00000000e0200000, 0x00000000eab00000)
  object space 526336K, 99% used [0x00000000c0000000,0x00000000e01a4750,0x00000000e0200000)
 Metaspace       used 78462K, committed 79936K, reserved 1179648K
  class space    used 8079K, committed 8832K, reserved 1048576K
}
Event: 19622.522 GC heap after
{Heap after GC invocations=4501 (full 8):
 PSYoungGen      total 3584K, used 501K [0x00000000eab00000, 0x00000000eb200000, 0x0000000100000000)
  eden space 3072K, 0% used [0x00000000eab00000,0x00000000eab00000,0x00000000eae00000)
  from space 512K, 97% used [0x00000000eb000000,0x00000000eb07d5f0,0x00000000eb080000)
  to   space 1536K, 0% used [0x00000000eb080000,0x00000000eb080000,0x00000000eb200000)
 ParOldGen       total 527360K, used 527219K [0x00000000c0000000, 0x00000000e0300000, 0x00000000eab00000)
  object space 527360K, 99% used [0x00000000c0000000,0x00000000e02dce08,0x00000000e0300000)
 Metaspace       used 78462K, committed 79936K, reserved 1179648K
  class space    used 8079K, committed 8832K, reserved 1048576K
}
Event: 19622.541 GC heap before
{Heap before GC invocations=4502 (full 8):
 PSYoungGen      total 3584K, used 3573K [0x00000000eab00000, 0x00000000eb200000, 0x0000000100000000)
  eden space 3072K, 100% used [0x00000000eab00000,0x00000000eae00000,0x00000000eae00000)
  from space 512K, 97% used [0x00000000eb000000,0x00000000eb07d5f0,0x00000000eb080000)
  to   space 1536K, 0% used [0x00000000eb080000,0x00000000eb080000,0x00000000eb200000)
 ParOldGen       total 527360K, used 527219K [0x00000000c0000000, 0x00000000e0300000, 0x00000000eab00000)
  object space 527360K, 99% used [0x00000000c0000000,0x00000000e02dce08,0x00000000e0300000)
 Metaspace       used 78462K, committed 79936K, reserved 1179648K
  class space    used 8079K, committed 8832K, reserved 1048576K
}
Event: 19622.544 GC heap after
{Heap after GC invocations=4502 (full 8):
 PSYoungGen      total 4608K, used 1184K [0x00000000eab00000, 0x00000000eb200000, 0x0000000100000000)
  eden space 3072K, 0% used [0x00000000eab00000,0x00000000eab00000,0x00000000eae00000)
  from space 1536K, 77% used [0x00000000eb080000,0x00000000eb1a8020,0x00000000eb200000)
  to   space 1536K, 0% used [0x00000000eaf00000,0x00000000eaf00000,0x00000000eb080000)
 ParOldGen       total 528384K, used 528129K [0x00000000c0000000, 0x00000000e0400000, 0x00000000eab00000)
  object space 528384K, 99% used [0x00000000c0000000,0x00000000e03c0610,0x00000000e0400000)
 Metaspace       used 78462K, committed 79936K, reserved 1179648K
  class space    used 8079K, committed 8832K, reserved 1048576K
}
Event: 19622.559 GC heap before
{Heap before GC invocations=4503 (full 8):
 PSYoungGen      total 4608K, used 4256K [0x00000000eab00000, 0x00000000eb200000, 0x0000000100000000)
  eden space 3072K, 100% used [0x00000000eab00000,0x00000000eae00000,0x00000000eae00000)
  from space 1536K, 77% used [0x00000000eb080000,0x00000000eb1a8020,0x00000000eb200000)
  to   space 1536K, 0% used [0x00000000eaf00000,0x00000000eaf00000,0x00000000eb080000)
 ParOldGen       total 528384K, used 528129K [0x00000000c0000000, 0x00000000e0400000, 0x00000000eab00000)
  object space 528384K, 99% used [0x00000000c0000000,0x00000000e03c0610,0x00000000e0400000)
 Metaspace       used 78462K, committed 79936K, reserved 1179648K
  class space    used 8079K, committed 8832K, reserved 1048576K
}
Event: 19622.562 GC heap after
{Heap after GC invocations=4503 (full 8):
 PSYoungGen      total 4608K, used 1258K [0x00000000eab00000, 0x00000000eb100000, 0x0000000100000000)
  eden space 3072K, 0% used [0x00000000eab00000,0x00000000eab00000,0x00000000eae00000)
  from space 1536K, 81% used [0x00000000eaf00000,0x00000000eb03abe0,0x00000000eb080000)
  to   space 512K, 0% used [0x00000000eb080000,0x00000000eb080000,0x00000000eb100000)
 ParOldGen       total 529408K, used 529121K [0x00000000c0000000, 0x00000000e0500000, 0x00000000eab00000)
  object space 529408K, 99% used [0x00000000c0000000,0x00000000e04b8630,0x00000000e0500000)
 Metaspace       used 78462K, committed 79936K, reserved 1179648K
  class space    used 8079K, committed 8832K, reserved 1048576K
}
Event: 19622.577 GC heap before
{Heap before GC invocations=4504 (full 8):
 PSYoungGen      total 4608K, used 4330K [0x00000000eab00000, 0x00000000eb100000, 0x0000000100000000)
  eden space 3072K, 100% used [0x00000000eab00000,0x00000000eae00000,0x00000000eae00000)
  from space 1536K, 81% used [0x00000000eaf00000,0x00000000eb03abe0,0x00000000eb080000)
  to   space 512K, 0% used [0x00000000eb080000,0x00000000eb080000,0x00000000eb100000)
 ParOldGen       total 529408K, used 529121K [0x00000000c0000000, 0x00000000e0500000, 0x00000000eab00000)
  object space 529408K, 99% used [0x00000000c0000000,0x00000000e04b8630,0x00000000e0500000)
 Metaspace       used 78462K, committed 79936K, reserved 1179648K
  class space    used 8079K, committed 8832K, reserved 1048576K
}
Event: 19622.581 GC heap after
{Heap after GC invocations=4504 (full 8):
 PSYoungGen      total 3584K, used 512K [0x00000000eab00000, 0x00000000eb100000, 0x0000000100000000)
  eden space 3072K, 0% used [0x00000000eab00000,0x00000000eab00000,0x00000000eae00000)
  from space 512K, 100% used [0x00000000eb080000,0x00000000eb100000,0x00000000eb100000)
  to   space 1536K, 0% used [0x00000000eaf00000,0x00000000eaf00000,0x00000000eb080000)
 ParOldGen       total 531456K, used 530968K [0x00000000c0000000, 0x00000000e0700000, 0x00000000eab00000)
  object space 531456K, 99% used [0x00000000c0000000,0x00000000e0686010,0x00000000e0700000)
 Metaspace       used 78462K, committed 79936K, reserved 1179648K
  class space    used 8079K, committed 8832K, reserved 1048576K
}

