# JRE version: OpenJDK Runtime Environment Temurin-21.0.6+7 (21.0.6+7) (build 21.0.6+7-LTS)
# Java VM: OpenJDK 64-Bit Server VM Temurin-21.0.6+7 (21.0.6+7-LTS, mixed mode, sharing, tiered, compressed oops, compressed class ptrs, parallel gc, windows-amd64)
GC Precious Log:
 CardTable entry size: 512
 CPUs: 12 total, 12 available
 Memory: 16234M
 Large Page Support: Disabled
 NUMA Support: Disabled
 Compressed Oops: Enabled (32-bit)
 Alignments: Space 512K, Generation 512K, Heap 2M
 Heap Min Capacity: 100M
 Heap Initial Capacity: 100M
 Heap Max Capacity: 1G
 Pre-touch: Disabled
 Parallel Workers: 10
Heap:
 PSYoungGen      total 11776K, used 11584K [0x00000000eab00000, 0x00000000eb980000, 0x0000000100000000)
  eden space 9728K, 100% used [0x00000000eab00000,0x00000000eb480000,0x00000000eb480000)
  from space 2048K, 90% used [0x00000000eb780000,0x00000000eb950008,0x00000000eb980000)
  to   space 2048K, 98% used [0x00000000eb580000,0x00000000eb779e38,0x00000000eb780000)
 ParOldGen       total 84992K, used 84509K [0x00000000c0000000, 0x00000000c5300000, 0x00000000eab00000)
  object space 84992K, 99% used [0x00000000c0000000,0x00000000c52876a0,0x00000000c5300000)
 Metaspace       used 54554K, committed 55808K, reserved 1114112K
  class space    used 5962K, committed 6464K, reserved 1048576K
GC Heap History (20 events):
Event: 16.316 GC heap after
{Heap after GC invocations=38 (full 2):
 PSYoungGen      total 11776K, used 1826K [0x00000000eab00000, 0x00000000ebe00000, 0x0000000100000000)
  eden space 9728K, 0% used [0x00000000eab00000,0x00000000eab00000,0x00000000eb480000)
  from space 2048K, 89% used [0x00000000ebc00000,0x00000000ebdc8978,0x00000000ebe00000)
  to   space 2560K, 0% used [0x00000000eb900000,0x00000000eb900000,0x00000000ebb80000)
 ParOldGen       total 71680K, used 71663K [0x00000000c0000000, 0x00000000c4600000, 0x00000000eab00000)
  object space 71680K, 99% used [0x00000000c0000000,0x00000000c45fbe30,0x00000000c4600000)
 Metaspace       used 53344K, committed 54592K, reserved 1114112K
  class space    used 5766K, committed 6272K, reserved 1048576K
}
Event: 16.510 GC heap before
{Heap before GC invocations=39 (full 2):
 PSYoungGen      total 11776K, used 11554K [0x00000000eab00000, 0x00000000ebe00000, 0x0000000100000000)
  eden space 9728K, 100% used [0x00000000eab00000,0x00000000eb480000,0x00000000eb480000)
  from space 2048K, 89% used [0x00000000ebc00000,0x00000000ebdc8978,0x00000000ebe00000)
  to   space 2560K, 0% used [0x00000000eb900000,0x00000000eb900000,0x00000000ebb80000)
 ParOldGen       total 71680K, used 71663K [0x00000000c0000000, 0x00000000c4600000, 0x00000000eab00000)
  object space 71680K, 99% used [0x00000000c0000000,0x00000000c45fbe30,0x00000000c4600000)
 Metaspace       used 53576K, committed 54720K, reserved 1114112K
  class space    used 5812K, committed 6272K, reserved 1048576K
}
Event: 16.515 GC heap after
{Heap after GC invocations=39 (full 2):
 PSYoungGen      total 11776K, used 1942K [0x00000000eab00000, 0x00000000ebc80000, 0x0000000100000000)
  eden space 9728K, 0% used [0x00000000eab00000,0x00000000eab00000,0x00000000eb480000)
  from space 2048K, 94% used [0x00000000eb900000,0x00000000ebae5ad8,0x00000000ebb00000)
  to   space 1536K, 0% used [0x00000000ebb00000,0x00000000ebb00000,0x00000000ebc80000)
 ParOldGen       total 73728K, used 73335K [0x00000000c0000000, 0x00000000c4800000, 0x00000000eab00000)
  object space 73728K, 99% used [0x00000000c0000000,0x00000000c479ddc0,0x00000000c4800000)
 Metaspace       used 53576K, committed 54720K, reserved 1114112K
  class space    used 5812K, committed 6272K, reserved 1048576K
}
Event: 16.874 GC heap before
{Heap before GC invocations=40 (full 2):
 PSYoungGen      total 11776K, used 11670K [0x00000000eab00000, 0x00000000ebc80000, 0x0000000100000000)
  eden space 9728K, 100% used [0x00000000eab00000,0x00000000eb480000,0x00000000eb480000)
  from space 2048K, 94% used [0x00000000eb900000,0x00000000ebae5ad8,0x00000000ebb00000)
  to   space 1536K, 0% used [0x00000000ebb00000,0x00000000ebb00000,0x00000000ebc80000)
 ParOldGen       total 73728K, used 73335K [0x00000000c0000000, 0x00000000c4800000, 0x00000000eab00000)
  object space 73728K, 99% used [0x00000000c0000000,0x00000000c479ddc0,0x00000000c4800000)
 Metaspace       used 53835K, committed 55040K, reserved 1114112K
  class space    used 5869K, committed 6336K, reserved 1048576K
}
Event: 16.878 GC heap after
{Heap after GC invocations=40 (full 2):
 PSYoungGen      total 11264K, used 1533K [0x00000000eab00000, 0x00000000ebc80000, 0x0000000100000000)
  eden space 9728K, 0% used [0x00000000eab00000,0x00000000eab00000,0x00000000eb480000)
  from space 1536K, 99% used [0x00000000ebb00000,0x00000000ebc7f640,0x00000000ebc80000)
  to   space 4096K, 0% used [0x00000000eb480000,0x00000000eb480000,0x00000000eb880000)
 ParOldGen       total 75776K, used 75307K [0x00000000c0000000, 0x00000000c4a00000, 0x00000000eab00000)
  object space 75776K, 99% used [0x00000000c0000000,0x00000000c498af98,0x00000000c4a00000)
 Metaspace       used 53835K, committed 55040K, reserved 1114112K
  class space    used 5869K, committed 6336K, reserved 1048576K
}
Event: 17.142 GC heap before
{Heap before GC invocations=41 (full 2):
 PSYoungGen      total 11264K, used 11261K [0x00000000eab00000, 0x00000000ebc80000, 0x0000000100000000)
  eden space 9728K, 100% used [0x00000000eab00000,0x00000000eb480000,0x00000000eb480000)
  from space 1536K, 99% used [0x00000000ebb00000,0x00000000ebc7f640,0x00000000ebc80000)
  to   space 4096K, 0% used [0x00000000eb480000,0x00000000eb480000,0x00000000eb880000)
 ParOldGen       total 75776K, used 75307K [0x00000000c0000000, 0x00000000c4a00000, 0x00000000eab00000)
  object space 75776K, 99% used [0x00000000c0000000,0x00000000c498af98,0x00000000c4a00000)
 Metaspace       used 53995K, committed 55168K, reserved 1114112K
  class space    used 5894K, committed 6400K, reserved 1048576K
}
Event: 17.145 GC heap after
{Heap after GC invocations=41 (full 2):
 PSYoungGen      total 13824K, used 1728K [0x00000000eab00000, 0x00000000ebb80000, 0x0000000100000000)
  eden space 9728K, 0% used [0x00000000eab00000,0x00000000eab00000,0x00000000eb480000)
  from space 4096K, 42% used [0x00000000eb480000,0x00000000eb630000,0x00000000eb880000)
  to   space 2560K, 0% used [0x00000000eb900000,0x00000000eb900000,0x00000000ebb80000)
 ParOldGen       total 76800K, used 76751K [0x00000000c0000000, 0x00000000c4b00000, 0x00000000eab00000)
  object space 76800K, 99% used [0x00000000c0000000,0x00000000c4af3fc8,0x00000000c4b00000)
 Metaspace       used 53995K, committed 55168K, reserved 1114112K
  class space    used 5894K, committed 6400K, reserved 1048576K
}
Event: 17.355 GC heap before
{Heap before GC invocations=42 (full 2):
 PSYoungGen      total 13824K, used 11456K [0x00000000eab00000, 0x00000000ebb80000, 0x0000000100000000)
  eden space 9728K, 100% used [0x00000000eab00000,0x00000000eb480000,0x00000000eb480000)
  from space 4096K, 42% used [0x00000000eb480000,0x00000000eb630000,0x00000000eb880000)
  to   space 2560K, 0% used [0x00000000eb900000,0x00000000eb900000,0x00000000ebb80000)
 ParOldGen       total 76800K, used 76751K [0x00000000c0000000, 0x00000000c4b00000, 0x00000000eab00000)
  object space 76800K, 99% used [0x00000000c0000000,0x00000000c4af3fc8,0x00000000c4b00000)
 Metaspace       used 54353K, committed 55616K, reserved 1114112K
  class space    used 5943K, committed 6464K, reserved 1048576K
}
Event: 17.359 GC heap after
{Heap after GC invocations=42 (full 2):
 PSYoungGen      total 11776K, used 1730K [0x00000000eab00000, 0x00000000ebb00000, 0x0000000100000000)
  eden space 9728K, 0% used [0x00000000eab00000,0x00000000eab00000,0x00000000eb480000)
  from space 2048K, 84% used [0x00000000eb900000,0x00000000ebab0b70,0x00000000ebb00000)
  to   space 2048K, 0% used [0x00000000eb700000,0x00000000eb700000,0x00000000eb900000)
 ParOldGen       total 78336K, used 78263K [0x00000000c0000000, 0x00000000c4c80000, 0x00000000eab00000)
  object space 78336K, 99% used [0x00000000c0000000,0x00000000c4c6de30,0x00000000c4c80000)
 Metaspace       used 54353K, committed 55616K, reserved 1114112K
  class space    used 5943K, committed 6464K, reserved 1048576K
}
Event: 17.521 GC heap before
{Heap before GC invocations=43 (full 2):
 PSYoungGen      total 11776K, used 11458K [0x00000000eab00000, 0x00000000ebb00000, 0x0000000100000000)
  eden space 9728K, 100% used [0x00000000eab00000,0x00000000eb480000,0x00000000eb480000)
  from space 2048K, 84% used [0x00000000eb900000,0x00000000ebab0b70,0x00000000ebb00000)
  to   space 2048K, 0% used [0x00000000eb700000,0x00000000eb700000,0x00000000eb900000)
 ParOldGen       total 78336K, used 78263K [0x00000000c0000000, 0x00000000c4c80000, 0x00000000eab00000)
  object space 78336K, 99% used [0x00000000c0000000,0x00000000c4c6de30,0x00000000c4c80000)
 Metaspace       used 54538K, committed 55744K, reserved 1114112K
  class space    used 5962K, committed 6464K, reserved 1048576K
}
Event: 17.525 GC heap after
{Heap after GC invocations=43 (full 2):
 PSYoungGen      total 11776K, used 1556K [0x00000000eab00000, 0x00000000eb980000, 0x0000000100000000)
  eden space 9728K, 0% used [0x00000000eab00000,0x00000000eab00000,0x00000000eb480000)
  from space 2048K, 76% used [0x00000000eb700000,0x00000000eb885320,0x00000000eb900000)
  to   space 512K, 0% used [0x00000000eb900000,0x00000000eb900000,0x00000000eb980000)
 ParOldGen       total 79872K, used 79852K [0x00000000c0000000, 0x00000000c4e00000, 0x00000000eab00000)
  object space 79872K, 99% used [0x00000000c0000000,0x00000000c4dfb148,0x00000000c4e00000)
 Metaspace       used 54538K, committed 55744K, reserved 1114112K
  class space    used 5962K, committed 6464K, reserved 1048576K
}
Event: 17.682 GC heap before
{Heap before GC invocations=44 (full 2):
 PSYoungGen      total 11776K, used 11284K [0x00000000eab00000, 0x00000000eb980000, 0x0000000100000000)
  eden space 9728K, 100% used [0x00000000eab00000,0x00000000eb480000,0x00000000eb480000)
  from space 2048K, 76% used [0x00000000eb700000,0x00000000eb885320,0x00000000eb900000)
  to   space 512K, 0% used [0x00000000eb900000,0x00000000eb900000,0x00000000eb980000)
 ParOldGen       total 79872K, used 79852K [0x00000000c0000000, 0x00000000c4e00000, 0x00000000eab00000)
  object space 79872K, 99% used [0x00000000c0000000,0x00000000c4dfb148,0x00000000c4e00000)
 Metaspace       used 54546K, committed 55808K, reserved 1114112K
  class space    used 5962K, committed 6464K, reserved 1048576K
}
Event: 17.684 GC heap after
{Heap after GC invocations=44 (full 2):
 PSYoungGen      total 10240K, used 512K [0x00000000eab00000, 0x00000000eba80000, 0x0000000100000000)
  eden space 9728K, 0% used [0x00000000eab00000,0x00000000eab00000,0x00000000eb480000)
  from space 512K, 100% used [0x00000000eb900000,0x00000000eb980000,0x00000000eb980000)
  to   space 3072K, 0% used [0x00000000eb480000,0x00000000eb480000,0x00000000eb780000)
 ParOldGen       total 82432K, used 82089K [0x00000000c0000000, 0x00000000c5080000, 0x00000000eab00000)
  object space 82432K, 99% used [0x00000000c0000000,0x00000000c502a448,0x00000000c5080000)
 Metaspace       used 54546K, committed 55808K, reserved 1114112K
  class space    used 5962K, committed 6464K, reserved 1048576K
}
Event: 17.960 GC heap before
{Heap before GC invocations=45 (full 2):
 PSYoungGen      total 10240K, used 9824K [0x00000000eab00000, 0x00000000eba80000, 0x0000000100000000)
  eden space 9728K, 95% used [0x00000000eab00000,0x00000000eb418008,0x00000000eb480000)
  from space 512K, 100% used [0x00000000eb900000,0x00000000eb980000,0x00000000eb980000)
  to   space 3072K, 0% used [0x00000000eb480000,0x00000000eb480000,0x00000000eb780000)
 ParOldGen       total 82432K, used 82089K [0x00000000c0000000, 0x00000000c5080000, 0x00000000eab00000)
  object space 82432K, 99% used [0x00000000c0000000,0x00000000c502a448,0x00000000c5080000)
 Metaspace       used 54549K, committed 55808K, reserved 1114112K
  class space    used 5962K, committed 6464K, reserved 1048576K
}
Event: 17.962 GC heap after
{Heap after GC invocations=45 (full 2):
 PSYoungGen      total 12800K, used 1152K [0x00000000eab00000, 0x00000000eb980000, 0x0000000100000000)
  eden space 9728K, 0% used [0x00000000eab00000,0x00000000eab00000,0x00000000eb480000)
  from space 3072K, 37% used [0x00000000eb480000,0x00000000eb5a0000,0x00000000eb780000)
  to   space 2048K, 0% used [0x00000000eb780000,0x00000000eb780000,0x00000000eb980000)
 ParOldGen       total 82944K, used 82619K [0x00000000c0000000, 0x00000000c5100000, 0x00000000eab00000)
  object space 82944K, 99% used [0x00000000c0000000,0x00000000c50aec40,0x00000000c5100000)
 Metaspace       used 54549K, committed 55808K, reserved 1114112K
  class space    used 5962K, committed 6464K, reserved 1048576K
}
Event: 18.167 GC heap before
{Heap before GC invocations=46 (full 2):
 PSYoungGen      total 12800K, used 10880K [0x00000000eab00000, 0x00000000eb980000, 0x0000000100000000)
  eden space 9728K, 100% used [0x00000000eab00000,0x00000000eb480000,0x00000000eb480000)
  from space 3072K, 37% used [0x00000000eb480000,0x00000000eb5a0000,0x00000000eb780000)
  to   space 2048K, 0% used [0x00000000eb780000,0x00000000eb780000,0x00000000eb980000)
 ParOldGen       total 82944K, used 82619K [0x00000000c0000000, 0x00000000c5100000, 0x00000000eab00000)
  object space 82944K, 99% used [0x00000000c0000000,0x00000000c50aec40,0x00000000c5100000)
 Metaspace       used 54552K, committed 55808K, reserved 1114112K
  class space    used 5962K, committed 6464K, reserved 1048576K
}
Event: 18.171 GC heap after
{Heap after GC invocations=46 (full 2):
 PSYoungGen      total 11776K, used 1856K [0x00000000eab00000, 0x00000000eb980000, 0x0000000100000000)
  eden space 9728K, 0% used [0x00000000eab00000,0x00000000eab00000,0x00000000eb480000)
  from space 2048K, 90% used [0x00000000eb780000,0x00000000eb950008,0x00000000eb980000)
  to   space 2048K, 0% used [0x00000000eb580000,0x00000000eb580000,0x00000000eb780000)
 ParOldGen       total 83968K, used 83596K [0x00000000c0000000, 0x00000000c5200000, 0x00000000eab00000)
  object space 83968K, 99% used [0x00000000c0000000,0x00000000c51a3258,0x00000000c5200000)
 Metaspace       used 54552K, committed 55808K, reserved 1114112K
  class space    used 5962K, committed 6464K, reserved 1048576K
}
Event: 18.252 GC heap before
{Heap before GC invocations=47 (full 2):
 PSYoungGen      total 11776K, used 11584K [0x00000000eab00000, 0x00000000eb980000, 0x0000000100000000)
  eden space 9728K, 100% used [0x00000000eab00000,0x00000000eb480000,0x00000000eb480000)
  from space 2048K, 90% used [0x00000000eb780000,0x00000000eb950008,0x00000000eb980000)
  to   space 2048K, 0% used [0x00000000eb580000,0x00000000eb580000,0x00000000eb780000)
 ParOldGen       total 83968K, used 83596K [0x00000000c0000000, 0x00000000c5200000, 0x00000000eab00000)
  object space 83968K, 99% used [0x00000000c0000000,0x00000000c51a3258,0x00000000c5200000)
 Metaspace       used 54554K, committed 55808K, reserved 1114112K
  class space    used 5962K, committed 6464K, reserved 1048576K
}
Event: 18.256 GC heap after
{Heap after GC invocations=47 (full 2):
 PSYoungGen      total 11776K, used 11584K [0x00000000eab00000, 0x00000000eb980000, 0x0000000100000000)
  eden space 9728K, 100% used [0x00000000eab00000,0x00000000eb480000,0x00000000eb480000)
  from space 2048K, 90% used [0x00000000eb780000,0x00000000eb950008,0x00000000eb980000)
  to   space 2048K, 98% used [0x00000000eb580000,0x00000000eb779e38,0x00000000eb780000)
 ParOldGen       total 84992K, used 84509K [0x00000000c0000000, 0x00000000c5300000, 0x00000000eab00000)
  object space 84992K, 99% used [0x00000000c0000000,0x00000000c52876a0,0x00000000c5300000)
 Metaspace       used 54554K, committed 55808K, reserved 1114112K
  class space    used 5962K, committed 6464K, reserved 1048576K
}
Event: 18.256 GC heap before
{Heap before GC invocations=48 (full 3):
 PSYoungGen      total 11776K, used 11584K [0x00000000eab00000, 0x00000000eb980000, 0x0000000100000000)
  eden space 9728K, 100% used [0x00000000eab00000,0x00000000eb480000,0x00000000eb480000)
  from space 2048K, 90% used [0x00000000eb780000,0x00000000eb950008,0x00000000eb980000)
  to   space 2048K, 98% used [0x00000000eb580000,0x00000000eb779e38,0x00000000eb780000)
 ParOldGen       total 84992K, used 84509K [0x00000000c0000000, 0x00000000c5300000, 0x00000000eab00000)
  object space 84992K, 99% used [0x00000000c0000000,0x00000000c52876a0,0x00000000c5300000)
 Metaspace       used 54554K, committed 55808K, reserved 1114112K
  class space    used 5962K, committed 6464K, reserved 1048576K
}

